<?xml version="1.0" encoding="UTF-8"?>
<testng-results ignored="0" total="2" passed="2" failed="0" skipped="0">
  <reporter-output>
  </reporter-output>
  <suite started-at="2023-02-08T11:49:53 TRT" name="Surefire suite" finished-at="2023-02-08T11:50:06 TRT" duration-ms="13653">
    <groups>
      <group name="cucumber">
        <method signature="AbstractTestNGCucumberTests.runScenario(io.cucumber.testng.PickleWrapper,io.cucumber.testng.FeatureWrapper)[pri:0, instance:cucumber.CucumberRunnerTest@4f6f416f]" name="runScenario" class="io.cucumber.testng.AbstractTestNGCucumberTests"/>
      </group> <!-- cucumber -->
    </groups>
    <test started-at="2023-02-08T11:49:53 TRT" name="Surefire test" finished-at="2023-02-08T11:50:06 TRT" duration-ms="13653">
      <class name="cucumber.CucumberRunnerTest">
        <test-method is-config="true" signature="setUpClass(org.testng.ITestContext)[pri:0, instance:cucumber.CucumberRunnerTest@4f6f416f]" started-at="2023-02-08T11:49:53 TRT" name="setUpClass" finished-at="2023-02-08T11:49:53 TRT" duration-ms="268" status="PASS">
          <params>
            <param index="0">
              <value>
                <![CDATA[org.testng.TestRunner@61861a29]]>
              </value>
            </param>
          </params>
          <reporter-output>
          </reporter-output>
        </test-method> <!-- setUpClass -->
        <test-method signature="runScenario(io.cucumber.testng.PickleWrapper,io.cucumber.testng.FeatureWrapper)[pri:0, instance:cucumber.CucumberRunnerTest@4f6f416f]" started-at="2023-02-08T11:49:53 TRT" name="runScenario" description="Runs Cucumber Scenarios" data-provider="scenarios" finished-at="2023-02-08T11:50:06 TRT" duration-ms="13330" status="PASS">
          <params>
            <param index="0">
              <value>
                <![CDATA["Second Test"]]>
              </value>
            </param>
            <param index="1">
              <value>
                <![CDATA["Test Case 2"]]>
              </value>
            </param>
          </params>
          <reporter-output>
          </reporter-output>
        </test-method> <!-- runScenario -->
        <test-method signature="runScenario(io.cucumber.testng.PickleWrapper,io.cucumber.testng.FeatureWrapper)[pri:0, instance:cucumber.CucumberRunnerTest@4f6f416f]" started-at="2023-02-08T11:49:53 TRT" name="runScenario" description="Runs Cucumber Scenarios" data-provider="scenarios" finished-at="2023-02-08T11:50:06 TRT" duration-ms="13047" status="PASS">
          <params>
            <param index="0">
              <value>
                <![CDATA["First Test"]]>
              </value>
            </param>
            <param index="1">
              <value>
                <![CDATA["Test Case 1"]]>
              </value>
            </param>
          </params>
          <reporter-output>
          </reporter-output>
        </test-method> <!-- runScenario -->
        <test-method is-config="true" signature="tearDownClass()[pri:0, instance:cucumber.CucumberRunnerTest@4f6f416f]" started-at="2023-02-08T11:50:06 TRT" name="tearDownClass" finished-at="2023-02-08T11:50:06 TRT" duration-ms="16" status="PASS">
          <reporter-output>
          </reporter-output>
        </test-method> <!-- tearDownClass -->
      </class> <!-- cucumber.CucumberRunnerTest -->
    </test> <!-- Surefire test -->
  </suite> <!-- Surefire suite -->
</testng-results>
