<?xml version="1.0" encoding="UTF-8"?>
<testng-results ignored="0" total="2" passed="2" failed="0" skipped="0">
  <reporter-output>
  </reporter-output>
  <suite started-at="2023-02-08T11:50:48 TRT" name="Default suite" finished-at="2023-02-08T11:51:18 TRT" duration-ms="30476">
    <groups>
      <group name="cucumber">
        <method signature="AbstractTestNGCucumberTests.runScenario(io.cucumber.testng.PickleWrapper,io.cucumber.testng.FeatureWrapper)[pri:0, instance:cucumber.CucumberRunnerTest@62ef27a8]" name="runScenario" class="io.cucumber.testng.AbstractTestNGCucumberTests"/>
      </group> <!-- cucumber -->
    </groups>
    <test started-at="2023-02-08T11:50:48 TRT" name="Default test" finished-at="2023-02-08T11:51:18 TRT" duration-ms="30476">
      <class name="cucumber.CucumberRunnerTest">
        <test-method is-config="true" signature="setUpClass(org.testng.ITestContext)[pri:0, instance:cucumber.CucumberRunnerTest@62ef27a8]" started-at="2023-02-08T11:50:48 TRT" name="setUpClass" finished-at="2023-02-08T11:50:48 TRT" duration-ms="258" status="PASS">
          <params>
            <param index="0">
              <value>
                <![CDATA[org.testng.TestRunner@62da83ed]]>
              </value>
            </param>
          </params>
          <reporter-output>
          </reporter-output>
        </test-method> <!-- setUpClass -->
        <test-method signature="runScenario(io.cucumber.testng.PickleWrapper,io.cucumber.testng.FeatureWrapper)[pri:0, instance:cucumber.CucumberRunnerTest@62ef27a8]" started-at="2023-02-08T11:50:48 TRT" name="runScenario" description="Runs Cucumber Scenarios" data-provider="scenarios" finished-at="2023-02-08T11:51:18 TRT" duration-ms="30169" status="PASS">
          <params>
            <param index="0">
              <value>
                <![CDATA["First Test"]]>
              </value>
            </param>
            <param index="1">
              <value>
                <![CDATA["Test Case 1"]]>
              </value>
            </param>
          </params>
          <reporter-output>
          </reporter-output>
        </test-method> <!-- runScenario -->
        <test-method signature="runScenario(io.cucumber.testng.PickleWrapper,io.cucumber.testng.FeatureWrapper)[pri:0, instance:cucumber.CucumberRunnerTest@62ef27a8]" started-at="2023-02-08T11:50:48 TRT" name="runScenario" description="Runs Cucumber Scenarios" data-provider="scenarios" finished-at="2023-02-08T11:51:18 TRT" duration-ms="29755" status="PASS">
          <params>
            <param index="0">
              <value>
                <![CDATA["Second Test"]]>
              </value>
            </param>
            <param index="1">
              <value>
                <![CDATA["Test Case 2"]]>
              </value>
            </param>
          </params>
          <reporter-output>
          </reporter-output>
        </test-method> <!-- runScenario -->
        <test-method is-config="true" signature="tearDownClass()[pri:0, instance:cucumber.CucumberRunnerTest@62ef27a8]" started-at="2023-02-08T11:51:18 TRT" name="tearDownClass" finished-at="2023-02-08T11:51:18 TRT" duration-ms="5" status="PASS">
          <reporter-output>
          </reporter-output>
        </test-method> <!-- tearDownClass -->
      </class> <!-- cucumber.CucumberRunnerTest -->
    </test> <!-- Default test -->
  </suite> <!-- Default suite -->
</testng-results>
